# JRE version: OpenJDK Runtime Environment (8.0_76-b03) (build 1.8.0_76-release-b03)
# Java VM: OpenJDK 64-Bit Server VM (25.76-b03 mixed mode linux-amd64 compressed oops)
Heap:
 PSYoungGen      total 303616K, used 18873K [0x00000000e0000000, 0x00000000f7080000, 0x0000000100000000)
  eden space 276480K, 0% used [0x00000000e0000000,0x00000000e0000000,0x00000000f0e00000)
  from space 27136K, 69% used [0x00000000f3480000,0x00000000f46ee408,0x00000000f4f00000)
  to   space 39424K, 0% used [0x00000000f0e00000,0x00000000f0e00000,0x00000000f3480000)
 ParOldGen       total 109568K, used 109360K [0x00000000a0000000, 0x00000000a6b00000, 0x00000000e0000000)
  object space 109568K, 99% used [0x00000000a0000000,0x00000000a6acc038,0x00000000a6b00000)
 Metaspace       used 73314K, capacity 76814K, committed 77056K, reserved 1116160K
  class space    used 9464K, capacity 10135K, committed 10240K, reserved 1048576K
GC Heap History (10 events):
Event: 730.292 GC heap after
Heap after GC invocations=32 (full 6):
 PSYoungGen      total 210944K, used 10923K [0x00000000e0000000, 0x00000000ee200000, 0x0000000100000000)
  eden space 196608K, 0% used [0x00000000e0000000,0x00000000e0000000,0x00000000ec000000)
  from space 14336K, 76% used [0x00000000ed400000,0x00000000edeaafd0,0x00000000ee200000)
  to   space 17408K, 0% used [0x00000000ec000000,0x00000000ec000000,0x00000000ed100000)
 ParOldGen       total 109568K, used 64805K [0x00000000a0000000, 0x00000000a6b00000, 0x00000000e0000000)
  object space 109568K, 59% used [0x00000000a0000000,0x00000000a3f495b0,0x00000000a6b00000)
 Metaspace       used 68299K, capacity 71498K, committed 71552K, reserved 1112064K
  class space    used 8941K, capacity 9589K, committed 9600K, reserved 1048576K
}
Event: 732.279 GC heap before
{Heap before GC invocations=33 (full 6):
 PSYoungGen      total 210944K, used 207209K [0x00000000e0000000, 0x00000000ee200000, 0x0000000100000000)
  eden space 196608K, 99% used [0x00000000e0000000,0x00000000ebfaf468,0x00000000ec000000)
  from space 14336K, 76% used [0x00000000ed400000,0x00000000edeaafd0,0x00000000ee200000)
  to   space 17408K, 0% used [0x00000000ec000000,0x00000000ec000000,0x00000000ed100000)
 ParOldGen       total 109568K, used 64805K [0x00000000a0000000, 0x00000000a6b00000, 0x00000000e0000000)
  object space 109568K, 59% used [0x00000000a0000000,0x00000000a3f495b0,0x00000000a6b00000)
 Metaspace       used 69192K, capacity 72616K, committed 72832K, reserved 1112064K
  class space    used 9073K, capacity 9752K, committed 9856K, reserved 1048576K
Event: 732.329 GC heap after
Heap after GC invocations=33 (full 6):
 PSYoungGen      total 214016K, used 2007K [0x00000000e0000000, 0x00000000f1280000, 0x0000000100000000)
  eden space 196608K, 0% used [0x00000000e0000000,0x00000000e0000000,0x00000000ec000000)
  from space 17408K, 11% used [0x00000000ec000000,0x00000000ec1f5db0,0x00000000ed100000)
  to   space 17920K, 0% used [0x00000000f0100000,0x00000000f0100000,0x00000000f1280000)
 ParOldGen       total 109568K, used 69039K [0x00000000a0000000, 0x00000000a6b00000, 0x00000000e0000000)
  object space 109568K, 63% used [0x00000000a0000000,0x00000000a436bde0,0x00000000a6b00000)
 Metaspace       used 69192K, capacity 72616K, committed 72832K, reserved 1112064K
  class space    used 9073K, capacity 9752K, committed 9856K, reserved 1048576K
}
Event: 737.012 GC heap before
{Heap before GC invocations=34 (full 6):
 PSYoungGen      total 214016K, used 198615K [0x00000000e0000000, 0x00000000f1280000, 0x0000000100000000)
  eden space 196608K, 100% used [0x00000000e0000000,0x00000000ec000000,0x00000000ec000000)
  from space 17408K, 11% used [0x00000000ec000000,0x00000000ec1f5db0,0x00000000ed100000)
  to   space 17920K, 0% used [0x00000000f0100000,0x00000000f0100000,0x00000000f1280000)
 ParOldGen       total 109568K, used 69039K [0x00000000a0000000, 0x00000000a6b00000, 0x00000000e0000000)
  object space 109568K, 63% used [0x00000000a0000000,0x00000000a436bde0,0x00000000a6b00000)
 Metaspace       used 72777K, capacity 76348K, committed 76544K, reserved 1116160K
  class space    used 9466K, capacity 10146K, committed 10240K, reserved 1048576K
Event: 737.117 GC heap after
Heap after GC invocations=34 (full 6):
 PSYoungGen      total 246784K, used 11173K [0x00000000e0000000, 0x00000000f0c00000, 0x0000000100000000)
  eden space 235520K, 0% used [0x00000000e0000000,0x00000000e0000000,0x00000000ee600000)
  from space 11264K, 99% used [0x00000000f0100000,0x00000000f0be94d0,0x00000000f0c00000)
  to   space 17920K, 0% used [0x00000000ee900000,0x00000000ee900000,0x00000000efa80000)
 ParOldGen       total 109568K, used 70303K [0x00000000a0000000, 0x00000000a6b00000, 0x00000000e0000000)
  object space 109568K, 64% used [0x00000000a0000000,0x00000000a44a7e38,0x00000000a6b00000)
 Metaspace       used 72777K, capacity 76348K, committed 76544K, reserved 1116160K
  class space    used 9466K, capacity 10146K, committed 10240K, reserved 1048576K
}
Event: 739.016 GC heap before
{Heap before GC invocations=35 (full 6):
 PSYoungGen      total 246784K, used 246693K [0x00000000e0000000, 0x00000000f0c00000, 0x0000000100000000)
  eden space 235520K, 100% used [0x00000000e0000000,0x00000000ee600000,0x00000000ee600000)
  from space 11264K, 99% used [0x00000000f0100000,0x00000000f0be94d0,0x00000000f0c00000)
  to   space 17920K, 0% used [0x00000000ee900000,0x00000000ee900000,0x00000000efa80000)
 ParOldGen       total 109568K, used 70303K [0x00000000a0000000, 0x00000000a6b00000, 0x00000000e0000000)
  object space 109568K, 64% used [0x00000000a0000000,0x00000000a44a7e38,0x00000000a6b00000)
 Metaspace       used 73304K, capacity 76860K, committed 77056K, reserved 1116160K
  class space    used 9470K, capacity 10146K, committed 10240K, reserved 1048576K
Event: 739.129 GC heap after
Heap after GC invocations=35 (full 6):
 PSYoungGen      total 256512K, used 17888K [0x00000000e0000000, 0x00000000f4f00000, 0x0000000100000000)
  eden space 238592K, 0% used [0x00000000e0000000,0x00000000e0000000,0x00000000ee900000)
  from space 17920K, 99% used [0x00000000ee900000,0x00000000efa782a8,0x00000000efa80000)
  to   space 27136K, 0% used [0x00000000f3480000,0x00000000f3480000,0x00000000f4f00000)
 ParOldGen       total 109568K, used 87650K [0x00000000a0000000, 0x00000000a6b00000, 0x00000000e0000000)
  object space 109568K, 79% used [0x00000000a0000000,0x00000000a5598890,0x00000000a6b00000)
 Metaspace       used 73304K, capacity 76860K, committed 77056K, reserved 1116160K
  class space    used 9470K, capacity 10146K, committed 10240K, reserved 1048576K
}
Event: 740.204 GC heap before
{Heap before GC invocations=36 (full 6):
 PSYoungGen      total 256512K, used 256480K [0x00000000e0000000, 0x00000000f4f00000, 0x0000000100000000)
  eden space 238592K, 100% used [0x00000000e0000000,0x00000000ee900000,0x00000000ee900000)
  from space 17920K, 99% used [0x00000000ee900000,0x00000000efa782a8,0x00000000efa80000)
  to   space 27136K, 0% used [0x00000000f3480000,0x00000000f3480000,0x00000000f4f00000)
 ParOldGen       total 109568K, used 87650K [0x00000000a0000000, 0x00000000a6b00000, 0x00000000e0000000)
  object space 109568K, 79% used [0x00000000a0000000,0x00000000a5598890,0x00000000a6b00000)
 Metaspace       used 73331K, capacity 76860K, committed 77056K, reserved 1116160K
  class space    used 9470K, capacity 10146K, committed 10240K, reserved 1048576K
Event: 740.315 GC heap after
Heap after GC invocations=36 (full 6):
 PSYoungGen      total 303616K, used 27127K [0x00000000e0000000, 0x00000000f7080000, 0x0000000100000000)
  eden space 276480K, 0% used [0x00000000e0000000,0x00000000e0000000,0x00000000f0e00000)
  from space 27136K, 99% used [0x00000000f3480000,0x00000000f4efdcd0,0x00000000f4f00000)
  to   space 39424K, 0% used [0x00000000f0e00000,0x00000000f0e00000,0x00000000f3480000)
 ParOldGen       total 109568K, used 108899K [0x00000000a0000000, 0x00000000a6b00000, 0x00000000e0000000)
  object space 109568K, 99% used [0x00000000a0000000,0x00000000a6a58f48,0x00000000a6b00000)
 Metaspace       used 73331K, capacity 76860K, committed 77056K, reserved 1116160K
  class space    used 9470K, capacity 10146K, committed 10240K, reserved 1048576K
}
Event: 740.382 GC heap before
{Heap before GC invocations=37 (full 7):
 PSYoungGen      total 303616K, used 27127K [0x00000000e0000000, 0x00000000f7080000, 0x0000000100000000)
  eden space 276480K, 0% used [0x00000000e0000000,0x00000000e0000000,0x00000000f0e00000)
  from space 27136K, 99% used [0x00000000f3480000,0x00000000f4efdcd0,0x00000000f4f00000)
  to   space 39424K, 0% used [0x00000000f0e00000,0x00000000f0e00000,0x00000000f3480000)
 ParOldGen       total 109568K, used 108899K [0x00000000a0000000, 0x00000000a6b00000, 0x00000000e0000000)
  object space 109568K, 99% used [0x00000000a0000000,0x00000000a6a58f48,0x00000000a6b00000)
 Metaspace       used 73331K, capacity 76860K, committed 77056K, reserved 1116160K
  class space    used 9470K, capacity 10146K, committed 10240K, reserved 1048576K

